2026-04-21 09:09:48 [INFO ] AllureReportOpener – Cleaning existing Allure results directory
2026-04-21 09:09:48 [INFO ] AllureReportOpener – Allure results directory cleaned
2026-04-21 09:09:49 [INFO ] Hooks – ----------------------------------------------
2026-04-21 09:09:49 [INFO ] Hooks – STARTING: Display top 3 car wash services from Chennai
2026-04-21 09:09:49 [INFO ] Hooks – ----------------------------------------------
2026-04-21 09:09:49 [INFO ] DriverManager – Initializing browser: chrome
2026-04-21 09:09:53 [INFO ] DriverManager – ChromeDriver started.
2026-04-21 09:09:57 [INFO ] IndiaMartSteps – Opened IndiaMart: https://www.indiamart.com/
2026-04-21 09:09:57 [INFO ] HomePage – Current city: 'Chennai', Target city: 'Chennai'
2026-04-21 09:09:57 [INFO ] HomePage – City already set to Chennai. Skipping city selection.
2026-04-21 09:09:57 [INFO ] HomePage – Searching for: car wash services
2026-04-21 09:10:00 [INFO ] SearchResultsPage – Search results loaded.
2026-04-21 09:10:01 [DEBUG] SearchResultsPage – Top 3 names: [Doorstep Car Wash Service, Car Washing Services At Home, Car Washing Service]
2026-04-21 09:10:03 [INFO ] ServiceDetailPage – Phone extracted: 07942548952
2026-04-21 09:10:04 [INFO ] ServiceDetailPage – Phone extracted: 07942666907
2026-04-21 09:10:04 [INFO ] ServiceDetailPage – Phone extracted: 08047812127
2026-04-21 09:10:04 [INFO ] IndiaMartSteps – TC01: Collected 3 services.
2026-04-21 09:10:06 [DEBUG] ZipPackage – Save core properties part
2026-04-21 09:10:06 [DEBUG] ZipPackage – Save content types part
2026-04-21 09:10:06 [DEBUG] ZipPackage – Save package relationships
2026-04-21 09:10:06 [DEBUG] ZipPackage – Save part 'docProps/app.xml'
2026-04-21 09:10:06 [DEBUG] ZipPackage – Save part 'docProps/core.xml'
2026-04-21 09:10:06 [DEBUG] ZipPackage – Save part 'xl/sharedStrings.xml'
2026-04-21 09:10:06 [DEBUG] ZipPackage – Save part 'xl/styles.xml'
2026-04-21 09:10:06 [DEBUG] ZipPackage – Save part 'xl/workbook.xml'
2026-04-21 09:10:06 [DEBUG] ZipPackage – Save part 'xl/worksheets/sheet1.xml'
2026-04-21 09:10:06 [INFO ] ExcelWriter – Excel report saved → ./Reports/CarWashServices.xlsx
2026-04-21 09:10:06 [DEBUG] ZipPackage – Save content types part
2026-04-21 09:10:06 [DEBUG] ZipPackage – Save package relationships
2026-04-21 09:10:06 [DEBUG] ZipPackage – Save part 'docProps/app.xml'
2026-04-21 09:10:06 [DEBUG] ZipPackage – Save part 'docProps/core.xml'
2026-04-21 09:10:06 [DEBUG] ZipPackage – Save part 'xl/sharedStrings.xml'
2026-04-21 09:10:06 [DEBUG] ZipPackage – Save part 'xl/styles.xml'
2026-04-21 09:10:06 [DEBUG] ZipPackage – Save part 'xl/workbook.xml'
2026-04-21 09:10:06 [DEBUG] ZipPackage – Save part 'xl/worksheets/sheet1.xml'
2026-04-21 09:10:06 [INFO ] IndiaMartSteps – TC01: Car wash data saved to Excel.
2026-04-21 09:10:07 [INFO ] DriverManager – Browser closed and driver removed.
2026-04-21 09:10:07 [INFO ] Hooks – FINISHED: Display top 3 car wash services from Chennai [PASSED]
2026-04-21 09:10:07 [INFO ] Hooks – ----------------------------------------------
2026-04-21 09:10:07 [INFO ] Hooks – ----------------------------------------------
2026-04-21 09:10:07 [INFO ] Hooks – STARTING: Get product names from Food Agriculture and Farming section
2026-04-21 09:10:07 [INFO ] Hooks – ----------------------------------------------
2026-04-21 09:10:07 [INFO ] DriverManager – Initializing browser: chrome
2026-04-21 09:10:10 [INFO ] DriverManager – ChromeDriver started.
2026-04-21 09:10:13 [INFO ] IndiaMartSteps – Opened IndiaMart: https://www.indiamart.com/
2026-04-21 09:10:13 [INFO ] HomePage – Scrolled to Food, Agriculture & Farming section.
2026-04-21 09:10:18 [DEBUG] HomePage – No popup found – continuing.
2026-04-21 09:10:18 [INFO ] HomePage – Found 9 products in Food, Agriculture & Farming.
2026-04-21 09:10:19 [INFO ] DriverManager – Browser closed and driver removed.
2026-04-21 09:10:19 [INFO ] Hooks – FINISHED: Get product names from Food Agriculture and Farming section [PASSED]
2026-04-21 09:10:19 [INFO ] Hooks – ----------------------------------------------
2026-04-21 09:10:19 [INFO ] Hooks – ----------------------------------------------
2026-04-21 09:10:19 [INFO ] Hooks – STARTING: Sign in attempt with invalid phone number
2026-04-21 09:10:19 [INFO ] Hooks – ----------------------------------------------
2026-04-21 09:10:19 [INFO ] DriverManager – Initializing browser: chrome
2026-04-21 09:10:22 [INFO ] DriverManager – ChromeDriver started.
2026-04-21 09:10:24 [INFO ] IndiaMartSteps – Opened IndiaMart: https://www.indiamart.com/
2026-04-21 09:10:24 [INFO ] HomePage – Clicking Sign In button.
2026-04-21 09:10:25 [INFO ] LoginModal – Entered phone number: 5476543218
2026-04-21 09:10:25 [INFO ] LoginModal – Phone number submitted.
2026-04-21 09:10:25 [INFO ] LoginModal – Error message displayed: Mobile Number should start with 6,7,8 or 9
2026-04-21 09:10:26 [INFO ] ScreenshotUtil – Screenshot saved → .\Screenshots\invalid_number_error.png
2026-04-21 09:10:26 [INFO ] LoginModal – Sign-in modal closed.
2026-04-21 09:10:27 [INFO ] DriverManager – Browser closed and driver removed.
2026-04-21 09:10:27 [INFO ] Hooks – FINISHED: Sign in attempt with invalid phone number [PASSED]
2026-04-21 09:10:27 [INFO ] Hooks – ----------------------------------------------
2026-04-21 09:10:27 [INFO ] Hooks – ----------------------------------------------
2026-04-21 09:10:27 [INFO ] Hooks – STARTING: Capture top product categories from Exporters section
2026-04-21 09:10:27 [INFO ] Hooks – ----------------------------------------------
2026-04-21 09:10:27 [INFO ] DriverManager – Initializing browser: chrome
2026-04-21 09:10:29 [INFO ] DriverManager – ChromeDriver started.
2026-04-21 09:10:31 [INFO ] IndiaMartSteps – Opened IndiaMart: https://www.indiamart.com/
2026-04-21 09:10:31 [INFO ] HomePage – Clicking Exporters tab.
2026-04-21 09:10:34 [INFO ] ExportersPage – Exporters page loaded.
2026-04-21 09:10:34 [INFO ] ExportersPage – Extracted 5 top product categories.
2026-04-21 09:10:34 [INFO ] ExportersPage – Scrolled to top categories section.
2026-04-21 09:10:35 [INFO ] ScreenshotUtil – Screenshot saved → .\Screenshots\top_product_categories_india.png
2026-04-21 09:10:36 [INFO ] DriverManager – Browser closed and driver removed.
2026-04-21 09:10:36 [INFO ] Hooks – FINISHED: Capture top product categories from Exporters section [PASSED]
2026-04-21 09:10:36 [INFO ] Hooks – ----------------------------------------------
2026-04-21 09:10:36 [INFO ] AllureReportOpener – Opening Allure report from directory: C:\Selenium Projects\FP_IdentifyCarWashServices_v2\target\allure-results
2026-04-21 09:10:36 [INFO ] AllureReportOpener – Allure report server started successfully
2026-04-21 09:58:56 [INFO ] AllureReportOpener – Cleaning existing Allure results directory
2026-04-21 09:58:56 [INFO ] AllureReportOpener – Allure results directory cleaned
2026-04-21 09:58:56 [INFO ] Hooks – ----------------------------------------------
2026-04-21 09:58:56 [INFO ] Hooks – STARTING: Display top 3 car wash services from Chennai
2026-04-21 09:58:56 [INFO ] Hooks – ----------------------------------------------
2026-04-21 09:58:56 [INFO ] DriverManager – Initializing browser: chrome
2026-04-21 09:59:00 [INFO ] DriverManager – ChromeDriver started.
2026-04-21 09:59:02 [INFO ] IndiaMartSteps – Opened IndiaMart: https://www.indiamart.com/
2026-04-21 09:59:02 [INFO ] HomePage – Current city: 'Chennai', Target city: 'Chennai'
2026-04-21 09:59:02 [INFO ] HomePage – City already set to Chennai. Skipping city selection.
2026-04-21 09:59:02 [INFO ] HomePage – Searching for: car wash services
2026-04-21 09:59:05 [INFO ] SearchResultsPage – Search results loaded.
2026-04-21 09:59:05 [DEBUG] SearchResultsPage – Top 3 names: [Doorstep Car Wash Service, Car Washing Services At Home, Car Washing Service]
2026-04-21 09:59:06 [INFO ] ServiceDetailPage – Phone extracted: 07942548952
2026-04-21 09:59:07 [INFO ] ServiceDetailPage – Phone extracted: 07942666907
2026-04-21 09:59:07 [INFO ] ServiceDetailPage – Phone extracted: 08047812127
2026-04-21 09:59:08 [INFO ] IndiaMartSteps – TC01: Collected 3 services.
2026-04-21 09:59:09 [DEBUG] ZipPackage – Save core properties part
2026-04-21 09:59:09 [DEBUG] ZipPackage – Save content types part
2026-04-21 09:59:09 [DEBUG] ZipPackage – Save package relationships
2026-04-21 09:59:09 [DEBUG] ZipPackage – Save part 'docProps/app.xml'
2026-04-21 09:59:09 [DEBUG] ZipPackage – Save part 'docProps/core.xml'
2026-04-21 09:59:09 [DEBUG] ZipPackage – Save part 'xl/sharedStrings.xml'
2026-04-21 09:59:09 [DEBUG] ZipPackage – Save part 'xl/styles.xml'
2026-04-21 09:59:09 [DEBUG] ZipPackage – Save part 'xl/workbook.xml'
2026-04-21 09:59:09 [DEBUG] ZipPackage – Save part 'xl/worksheets/sheet1.xml'
2026-04-21 09:59:09 [INFO ] ExcelWriter – Excel report saved → ./Reports/CarWashServices.xlsx
2026-04-21 09:59:09 [DEBUG] ZipPackage – Save content types part
2026-04-21 09:59:09 [DEBUG] ZipPackage – Save package relationships
2026-04-21 09:59:09 [DEBUG] ZipPackage – Save part 'docProps/app.xml'
2026-04-21 09:59:09 [DEBUG] ZipPackage – Save part 'docProps/core.xml'
2026-04-21 09:59:09 [DEBUG] ZipPackage – Save part 'xl/sharedStrings.xml'
2026-04-21 09:59:09 [DEBUG] ZipPackage – Save part 'xl/styles.xml'
2026-04-21 09:59:09 [DEBUG] ZipPackage – Save part 'xl/workbook.xml'
2026-04-21 09:59:09 [DEBUG] ZipPackage – Save part 'xl/worksheets/sheet1.xml'
2026-04-21 09:59:09 [INFO ] IndiaMartSteps – TC01: Car wash data saved to Excel.
2026-04-21 09:59:10 [INFO ] DriverManager – Browser closed and driver removed.
2026-04-21 09:59:10 [INFO ] Hooks – FINISHED: Display top 3 car wash services from Chennai [PASSED]
2026-04-21 09:59:10 [INFO ] Hooks – ----------------------------------------------
2026-04-21 09:59:10 [INFO ] Hooks – ----------------------------------------------
2026-04-21 09:59:10 [INFO ] Hooks – STARTING: Get product names from Food Agriculture and Farming section
2026-04-21 09:59:10 [INFO ] Hooks – ----------------------------------------------
2026-04-21 09:59:10 [INFO ] DriverManager – Initializing browser: chrome
2026-04-21 09:59:13 [INFO ] DriverManager – ChromeDriver started.
2026-04-21 09:59:15 [INFO ] IndiaMartSteps – Opened IndiaMart: https://www.indiamart.com/
2026-04-21 09:59:15 [INFO ] HomePage – Scrolled to Food, Agriculture & Farming section.
2026-04-21 09:59:20 [DEBUG] HomePage – No popup found – continuing.
2026-04-21 09:59:20 [INFO ] HomePage – Found 9 products in Food, Agriculture & Farming.
2026-04-21 09:59:21 [INFO ] DriverManager – Browser closed and driver removed.
2026-04-21 09:59:21 [INFO ] Hooks – FINISHED: Get product names from Food Agriculture and Farming section [PASSED]
2026-04-21 09:59:21 [INFO ] Hooks – ----------------------------------------------
2026-04-21 09:59:21 [INFO ] Hooks – ----------------------------------------------
2026-04-21 09:59:21 [INFO ] Hooks – STARTING: Sign in attempt with invalid phone number
2026-04-21 09:59:21 [INFO ] Hooks – ----------------------------------------------
2026-04-21 09:59:21 [INFO ] DriverManager – Initializing browser: chrome
2026-04-21 09:59:24 [INFO ] DriverManager – ChromeDriver started.
2026-04-21 09:59:25 [INFO ] IndiaMartSteps – Opened IndiaMart: https://www.indiamart.com/
2026-04-21 09:59:25 [INFO ] HomePage – Clicking Sign In button.
2026-04-21 09:59:26 [INFO ] LoginModal – Entered phone number: 5476543218
2026-04-21 09:59:27 [INFO ] LoginModal – Phone number submitted.
2026-04-21 09:59:27 [INFO ] LoginModal – Error message displayed: Mobile Number should start with 6,7,8 or 9
2026-04-21 09:59:27 [INFO ] ScreenshotUtil – Screenshot saved → .\Screenshots\invalid_number_error.png
2026-04-21 09:59:27 [INFO ] LoginModal – Sign-in modal closed.
2026-04-21 09:59:28 [INFO ] DriverManager – Browser closed and driver removed.
2026-04-21 09:59:28 [INFO ] Hooks – FINISHED: Sign in attempt with invalid phone number [PASSED]
2026-04-21 09:59:28 [INFO ] Hooks – ----------------------------------------------
2026-04-21 09:59:28 [INFO ] Hooks – ----------------------------------------------
2026-04-21 09:59:28 [INFO ] Hooks – STARTING: Capture top product categories from Exporters section
2026-04-21 09:59:28 [INFO ] Hooks – ----------------------------------------------
2026-04-21 09:59:28 [INFO ] DriverManager – Initializing browser: chrome
2026-04-21 09:59:31 [INFO ] DriverManager – ChromeDriver started.
2026-04-21 09:59:32 [INFO ] IndiaMartSteps – Opened IndiaMart: https://www.indiamart.com/
2026-04-21 09:59:32 [INFO ] HomePage – Clicking Exporters tab.
2026-04-21 09:59:35 [INFO ] ExportersPage – Exporters page loaded.
2026-04-21 09:59:35 [INFO ] ExportersPage – Extracted 5 top product categories.
2026-04-21 09:59:35 [INFO ] ExportersPage – Scrolled to top categories section.
2026-04-21 09:59:35 [INFO ] ScreenshotUtil – Screenshot saved → .\Screenshots\top_product_categories_india.png
2026-04-21 09:59:36 [INFO ] DriverManager – Browser closed and driver removed.
2026-04-21 09:59:36 [INFO ] Hooks – FINISHED: Capture top product categories from Exporters section [PASSED]
2026-04-21 09:59:36 [INFO ] Hooks – ----------------------------------------------
2026-04-21 09:59:36 [INFO ] AllureReportOpener – Opening Allure report from directory: C:\Selenium Projects\FP_IdentifyCarWashServices_v2\target\allure-results
2026-04-21 09:59:36 [INFO ] AllureReportOpener – Allure report server started successfully
2026-04-21 10:01:08 [INFO ] AllureReportOpener – Cleaning existing Allure results directory
2026-04-21 10:01:08 [INFO ] AllureReportOpener – Allure results directory cleaned
2026-04-21 10:01:08 [INFO ] Hooks – ----------------------------------------------
2026-04-21 10:01:08 [INFO ] Hooks – STARTING: Display top 3 car wash services from Chennai
2026-04-21 10:01:08 [INFO ] Hooks – ----------------------------------------------
2026-04-21 10:01:08 [INFO ] DriverManager – Initializing browser: chrome
2026-04-21 10:01:11 [INFO ] DriverManager – ChromeDriver started.
2026-04-21 10:01:13 [INFO ] IndiaMartSteps – Opened IndiaMart: https://www.indiamart.com/
2026-04-21 10:01:13 [INFO ] HomePage – Current city: 'Chennai', Target city: 'Chennai'
2026-04-21 10:01:13 [INFO ] HomePage – City already set to Chennai. Skipping city selection.
2026-04-21 10:01:13 [INFO ] HomePage – Searching for: car wash services
2026-04-21 10:01:16 [INFO ] SearchResultsPage – Search results loaded.
2026-04-21 10:01:16 [DEBUG] SearchResultsPage – Top 3 names: [Doorstep Car Wash Service, Car Washing Services At Home, Car Washing Service]
2026-04-21 10:01:18 [INFO ] ServiceDetailPage – Phone extracted: 07942548952
2026-04-21 10:01:18 [INFO ] ServiceDetailPage – Phone extracted: 07942666907
2026-04-21 10:01:19 [INFO ] ServiceDetailPage – Phone extracted: 08047812127
2026-04-21 10:01:19 [INFO ] IndiaMartSteps – TC01: Collected 3 services.
2026-04-21 10:01:20 [DEBUG] ZipPackage – Save core properties part
2026-04-21 10:01:20 [DEBUG] ZipPackage – Save content types part
2026-04-21 10:01:20 [DEBUG] ZipPackage – Save package relationships
2026-04-21 10:01:20 [DEBUG] ZipPackage – Save part 'docProps/app.xml'
2026-04-21 10:01:20 [DEBUG] ZipPackage – Save part 'docProps/core.xml'
2026-04-21 10:01:20 [DEBUG] ZipPackage – Save part 'xl/sharedStrings.xml'
2026-04-21 10:01:20 [DEBUG] ZipPackage – Save part 'xl/styles.xml'
2026-04-21 10:01:20 [DEBUG] ZipPackage – Save part 'xl/workbook.xml'
2026-04-21 10:01:20 [DEBUG] ZipPackage – Save part 'xl/worksheets/sheet1.xml'
2026-04-21 10:01:20 [INFO ] ExcelWriter – Excel report saved → ./Reports/CarWashServices.xlsx
2026-04-21 10:01:20 [DEBUG] ZipPackage – Save content types part
2026-04-21 10:01:20 [DEBUG] ZipPackage – Save package relationships
2026-04-21 10:01:20 [DEBUG] ZipPackage – Save part 'docProps/app.xml'
2026-04-21 10:01:20 [DEBUG] ZipPackage – Save part 'docProps/core.xml'
2026-04-21 10:01:20 [DEBUG] ZipPackage – Save part 'xl/sharedStrings.xml'
2026-04-21 10:01:20 [DEBUG] ZipPackage – Save part 'xl/styles.xml'
2026-04-21 10:01:20 [DEBUG] ZipPackage – Save part 'xl/workbook.xml'
2026-04-21 10:01:20 [DEBUG] ZipPackage – Save part 'xl/worksheets/sheet1.xml'
2026-04-21 10:01:20 [INFO ] IndiaMartSteps – TC01: Car wash data saved to Excel.
2026-04-21 10:01:21 [INFO ] DriverManager – Browser closed and driver removed.
2026-04-21 10:01:21 [INFO ] Hooks – FINISHED: Display top 3 car wash services from Chennai [PASSED]
2026-04-21 10:01:21 [INFO ] Hooks – ----------------------------------------------
2026-04-21 10:01:21 [INFO ] Hooks – ----------------------------------------------
2026-04-21 10:01:21 [INFO ] Hooks – STARTING: Get product names from Food Agriculture and Farming section
2026-04-21 10:01:21 [INFO ] Hooks – ----------------------------------------------
2026-04-21 10:01:21 [INFO ] DriverManager – Initializing browser: chrome
2026-04-21 10:01:24 [INFO ] DriverManager – ChromeDriver started.
2026-04-21 10:01:26 [INFO ] IndiaMartSteps – Opened IndiaMart: https://www.indiamart.com/
2026-04-21 10:01:26 [INFO ] HomePage – Scrolled to Food, Agriculture & Farming section.
2026-04-21 10:01:31 [DEBUG] HomePage – No popup found – continuing.
2026-04-21 10:01:31 [INFO ] HomePage – Found 9 products in Food, Agriculture & Farming.
2026-04-21 10:01:32 [INFO ] DriverManager – Browser closed and driver removed.
2026-04-21 10:01:32 [INFO ] Hooks – FINISHED: Get product names from Food Agriculture and Farming section [PASSED]
2026-04-21 10:01:32 [INFO ] Hooks – ----------------------------------------------
2026-04-21 10:01:32 [INFO ] Hooks – ----------------------------------------------
2026-04-21 10:01:32 [INFO ] Hooks – STARTING: Sign in attempt with invalid phone number
2026-04-21 10:01:32 [INFO ] Hooks – ----------------------------------------------
2026-04-21 10:01:32 [INFO ] DriverManager – Initializing browser: chrome
2026-04-21 10:01:35 [INFO ] DriverManager – ChromeDriver started.
2026-04-21 10:01:36 [INFO ] IndiaMartSteps – Opened IndiaMart: https://www.indiamart.com/
2026-04-21 10:01:36 [INFO ] HomePage – Clicking Sign In button.
2026-04-21 10:01:38 [INFO ] LoginModal – Entered phone number: 5476543218
2026-04-21 10:01:38 [INFO ] LoginModal – Phone number submitted.
2026-04-21 10:01:38 [INFO ] LoginModal – Error message displayed: Mobile Number should start with 6,7,8 or 9
2026-04-21 10:01:38 [INFO ] ScreenshotUtil – Screenshot saved → .\Screenshots\invalid_number_error.png
2026-04-21 10:01:38 [INFO ] LoginModal – Sign-in modal closed.
2026-04-21 10:01:39 [INFO ] DriverManager – Browser closed and driver removed.
2026-04-21 10:01:39 [INFO ] Hooks – FINISHED: Sign in attempt with invalid phone number [PASSED]
2026-04-21 10:01:39 [INFO ] Hooks – ----------------------------------------------
2026-04-21 10:01:39 [INFO ] Hooks – ----------------------------------------------
2026-04-21 10:01:39 [INFO ] Hooks – STARTING: Capture top product categories from Exporters section
2026-04-21 10:01:39 [INFO ] Hooks – ----------------------------------------------
2026-04-21 10:01:39 [INFO ] DriverManager – Initializing browser: chrome
2026-04-21 10:01:42 [INFO ] DriverManager – ChromeDriver started.
2026-04-21 10:01:44 [INFO ] IndiaMartSteps – Opened IndiaMart: https://www.indiamart.com/
2026-04-21 10:01:44 [INFO ] HomePage – Clicking Exporters tab.
2026-04-21 10:01:46 [INFO ] ExportersPage – Exporters page loaded.
2026-04-21 10:01:46 [INFO ] ExportersPage – Extracted 5 top product categories.
2026-04-21 10:01:46 [INFO ] ExportersPage – Scrolled to top categories section.
2026-04-21 10:01:47 [INFO ] ScreenshotUtil – Screenshot saved → .\Screenshots\top_product_categories_india.png
2026-04-21 10:01:48 [INFO ] DriverManager – Browser closed and driver removed.
2026-04-21 10:01:48 [INFO ] Hooks – FINISHED: Capture top product categories from Exporters section [PASSED]
2026-04-21 10:01:48 [INFO ] Hooks – ----------------------------------------------
2026-04-21 10:01:48 [INFO ] AllureReportOpener – Opening Allure report from directory: C:\Selenium Projects\FP_IdentifyCarWashServices_v2\target\allure-results
2026-04-21 10:01:48 [INFO ] AllureReportOpener – Allure report server started successfully
2026-04-21 11:30:18 [INFO ] AllureReportOpener – Cleaning existing Allure results directory
2026-04-21 11:30:18 [INFO ] AllureReportOpener – Allure results directory cleaned
2026-04-21 11:30:18 [INFO ] Hooks – ----------------------------------------------
2026-04-21 11:30:18 [INFO ] Hooks – STARTING: Display top 3 car wash services from Chennai
2026-04-21 11:30:18 [INFO ] Hooks – ----------------------------------------------
2026-04-21 11:30:18 [INFO ] DriverManager – Initializing browser: chrome
2026-04-21 11:30:22 [INFO ] DriverManager – ChromeDriver started.
2026-04-21 11:30:28 [INFO ] IndiaMartSteps – Opened IndiaMart: https://www.indiamart.com/
2026-04-21 11:30:28 [INFO ] HomePage – Current city: 'Chennai', Target city: 'Chennai'
2026-04-21 11:30:28 [INFO ] HomePage – City already set to Chennai. Skipping city selection.
2026-04-21 11:30:28 [INFO ] HomePage – Searching for: car wash services
2026-04-21 11:30:31 [INFO ] SearchResultsPage – Search results loaded.
2026-04-21 11:30:31 [DEBUG] SearchResultsPage – Top 3 names: [Doorstep Car Wash Service, Car Washing Services At Home, Car Washing Service]
2026-04-21 11:30:34 [INFO ] ServiceDetailPage – Phone extracted: 07942548952
2026-04-21 11:30:34 [INFO ] ServiceDetailPage – Phone extracted: 07942666907
2026-04-21 11:30:34 [INFO ] ServiceDetailPage – Phone extracted: 08047812127
2026-04-21 11:30:35 [INFO ] IndiaMartSteps – TC01: Collected 3 services.
2026-04-21 11:30:36 [DEBUG] ZipPackage – Save core properties part
2026-04-21 11:30:36 [DEBUG] ZipPackage – Save content types part
2026-04-21 11:30:36 [DEBUG] ZipPackage – Save package relationships
2026-04-21 11:30:36 [DEBUG] ZipPackage – Save part 'docProps/app.xml'
2026-04-21 11:30:36 [DEBUG] ZipPackage – Save part 'docProps/core.xml'
2026-04-21 11:30:36 [DEBUG] ZipPackage – Save part 'xl/sharedStrings.xml'
2026-04-21 11:30:36 [DEBUG] ZipPackage – Save part 'xl/styles.xml'
2026-04-21 11:30:36 [DEBUG] ZipPackage – Save part 'xl/workbook.xml'
2026-04-21 11:30:36 [DEBUG] ZipPackage – Save part 'xl/worksheets/sheet1.xml'
2026-04-21 11:30:36 [INFO ] ExcelWriter – Excel report saved → ./Reports/CarWashServices.xlsx
2026-04-21 11:30:36 [DEBUG] ZipPackage – Save content types part
2026-04-21 11:30:36 [DEBUG] ZipPackage – Save package relationships
2026-04-21 11:30:36 [DEBUG] ZipPackage – Save part 'docProps/app.xml'
2026-04-21 11:30:36 [DEBUG] ZipPackage – Save part 'docProps/core.xml'
2026-04-21 11:30:36 [DEBUG] ZipPackage – Save part 'xl/sharedStrings.xml'
2026-04-21 11:30:36 [DEBUG] ZipPackage – Save part 'xl/styles.xml'
2026-04-21 11:30:36 [DEBUG] ZipPackage – Save part 'xl/workbook.xml'
2026-04-21 11:30:36 [DEBUG] ZipPackage – Save part 'xl/worksheets/sheet1.xml'
2026-04-21 11:30:36 [INFO ] IndiaMartSteps – TC01: Car wash data saved to Excel.
2026-04-21 11:30:37 [INFO ] DriverManager – Browser closed and driver removed.
2026-04-21 11:30:37 [INFO ] Hooks – FINISHED: Display top 3 car wash services from Chennai [PASSED]
2026-04-21 11:30:37 [INFO ] Hooks – ----------------------------------------------
2026-04-21 11:30:37 [INFO ] Hooks – ----------------------------------------------
2026-04-21 11:30:37 [INFO ] Hooks – STARTING: Get product names from Food Agriculture and Farming section
2026-04-21 11:30:37 [INFO ] Hooks – ----------------------------------------------
2026-04-21 11:30:37 [INFO ] DriverManager – Initializing browser: chrome
2026-04-21 11:30:39 [INFO ] DriverManager – ChromeDriver started.
2026-04-21 11:30:41 [INFO ] IndiaMartSteps – Opened IndiaMart: https://www.indiamart.com/
2026-04-21 11:30:41 [INFO ] HomePage – Scrolled to Food, Agriculture & Farming section.
2026-04-21 11:30:46 [DEBUG] HomePage – No popup found – continuing.
2026-04-21 11:30:47 [INFO ] HomePage – Found 9 products in Food, Agriculture & Farming.
2026-04-21 11:30:48 [INFO ] DriverManager – Browser closed and driver removed.
2026-04-21 11:30:48 [INFO ] Hooks – FINISHED: Get product names from Food Agriculture and Farming section [PASSED]
2026-04-21 11:30:48 [INFO ] Hooks – ----------------------------------------------
2026-04-21 11:30:48 [INFO ] Hooks – ----------------------------------------------
2026-04-21 11:30:48 [INFO ] Hooks – STARTING: Sign in attempt with invalid phone number
2026-04-21 11:30:48 [INFO ] Hooks – ----------------------------------------------
2026-04-21 11:30:48 [INFO ] DriverManager – Initializing browser: chrome
2026-04-21 11:30:50 [INFO ] DriverManager – ChromeDriver started.
2026-04-21 11:30:52 [INFO ] IndiaMartSteps – Opened IndiaMart: https://www.indiamart.com/
2026-04-21 11:30:52 [INFO ] HomePage – Clicking Sign In button.
2026-04-21 11:30:53 [INFO ] LoginModal – Entered phone number: 5476543218
2026-04-21 11:30:53 [INFO ] LoginModal – Phone number submitted.
2026-04-21 11:30:53 [INFO ] LoginModal – Error message displayed: Mobile Number should start with 6,7,8 or 9
2026-04-21 11:30:54 [INFO ] ScreenshotUtil – Screenshot saved → .\Screenshots\invalid_number_error.png
2026-04-21 11:30:54 [INFO ] LoginModal – Sign-in modal closed.
2026-04-21 11:30:55 [INFO ] DriverManager – Browser closed and driver removed.
2026-04-21 11:30:55 [INFO ] Hooks – FINISHED: Sign in attempt with invalid phone number [PASSED]
2026-04-21 11:30:55 [INFO ] Hooks – ----------------------------------------------
2026-04-21 11:30:55 [INFO ] Hooks – ----------------------------------------------
2026-04-21 11:30:55 [INFO ] Hooks – STARTING: Capture top product categories from Exporters section
2026-04-21 11:30:55 [INFO ] Hooks – ----------------------------------------------
2026-04-21 11:30:55 [INFO ] DriverManager – Initializing browser: chrome
2026-04-21 11:30:57 [INFO ] DriverManager – ChromeDriver started.
2026-04-21 11:30:59 [INFO ] IndiaMartSteps – Opened IndiaMart: https://www.indiamart.com/
2026-04-21 11:30:59 [INFO ] HomePage – Clicking Exporters tab.
2026-04-21 11:31:41 [INFO ] AllureReportOpener – Opening Allure report from directory: allure-results
2026-04-21 11:31:41 [INFO ] AllureReportOpener – Allure report server started successfully
2026-04-21 11:31:46 [INFO ] AllureReportOpener – Cleaning existing Allure results directory
2026-04-21 11:31:46 [INFO ] AllureReportOpener – Allure results directory cleaned
2026-04-21 11:31:47 [INFO ] Hooks – ----------------------------------------------
2026-04-21 11:31:47 [INFO ] Hooks – STARTING: Display top 3 car wash services from Chennai
2026-04-21 11:31:47 [INFO ] Hooks – ----------------------------------------------
2026-04-21 11:31:47 [INFO ] DriverManager – Initializing browser: chrome
2026-04-21 11:31:50 [INFO ] DriverManager – ChromeDriver started.
2026-04-21 11:31:52 [INFO ] IndiaMartSteps – Opened IndiaMart: https://www.indiamart.com/
2026-04-21 11:31:52 [INFO ] HomePage – Current city: 'Chennai', Target city: 'Chennai'
2026-04-21 11:31:52 [INFO ] HomePage – City already set to Chennai. Skipping city selection.
2026-04-21 11:31:52 [INFO ] HomePage – Searching for: car wash services
2026-04-21 11:31:55 [INFO ] SearchResultsPage – Search results loaded.
2026-04-21 11:31:55 [DEBUG] SearchResultsPage – Top 3 names: [Doorstep Car Wash Service, Car Washing Services At Home, Car Washing Service]
2026-04-21 11:31:57 [INFO ] ServiceDetailPage – Phone extracted: 07942548952
2026-04-21 11:31:58 [INFO ] ServiceDetailPage – Phone extracted: 07942666907
2026-04-21 11:31:59 [INFO ] ServiceDetailPage – Phone extracted: 08047812127
2026-04-21 11:31:59 [INFO ] IndiaMartSteps – TC01: Collected 3 services.
2026-04-21 11:32:00 [DEBUG] ZipPackage – Save core properties part
2026-04-21 11:32:00 [DEBUG] ZipPackage – Save content types part
2026-04-21 11:32:00 [DEBUG] ZipPackage – Save package relationships
2026-04-21 11:32:00 [DEBUG] ZipPackage – Save part 'docProps/app.xml'
2026-04-21 11:32:00 [DEBUG] ZipPackage – Save part 'docProps/core.xml'
2026-04-21 11:32:00 [DEBUG] ZipPackage – Save part 'xl/sharedStrings.xml'
2026-04-21 11:32:00 [DEBUG] ZipPackage – Save part 'xl/styles.xml'
2026-04-21 11:32:00 [DEBUG] ZipPackage – Save part 'xl/workbook.xml'
2026-04-21 11:32:00 [DEBUG] ZipPackage – Save part 'xl/worksheets/sheet1.xml'
2026-04-21 11:32:00 [INFO ] ExcelWriter – Excel report saved → ./Reports/CarWashServices.xlsx
2026-04-21 11:32:00 [DEBUG] ZipPackage – Save content types part
2026-04-21 11:32:00 [DEBUG] ZipPackage – Save package relationships
2026-04-21 11:32:00 [DEBUG] ZipPackage – Save part 'docProps/app.xml'
2026-04-21 11:32:00 [DEBUG] ZipPackage – Save part 'docProps/core.xml'
2026-04-21 11:32:00 [DEBUG] ZipPackage – Save part 'xl/sharedStrings.xml'
2026-04-21 11:32:00 [DEBUG] ZipPackage – Save part 'xl/styles.xml'
2026-04-21 11:32:00 [DEBUG] ZipPackage – Save part 'xl/workbook.xml'
2026-04-21 11:32:00 [DEBUG] ZipPackage – Save part 'xl/worksheets/sheet1.xml'
2026-04-21 11:32:00 [INFO ] IndiaMartSteps – TC01: Car wash data saved to Excel.
2026-04-21 11:32:01 [INFO ] DriverManager – Browser closed and driver removed.
2026-04-21 11:32:01 [INFO ] Hooks – FINISHED: Display top 3 car wash services from Chennai [PASSED]
2026-04-21 11:32:01 [INFO ] Hooks – ----------------------------------------------
2026-04-21 11:32:01 [INFO ] Hooks – ----------------------------------------------
2026-04-21 11:32:01 [INFO ] Hooks – STARTING: Get product names from Food Agriculture and Farming section
2026-04-21 11:32:01 [INFO ] Hooks – ----------------------------------------------
2026-04-21 11:32:01 [INFO ] DriverManager – Initializing browser: chrome
2026-04-21 11:32:03 [INFO ] DriverManager – ChromeDriver started.
2026-04-21 11:32:05 [INFO ] IndiaMartSteps – Opened IndiaMart: https://www.indiamart.com/
2026-04-21 11:32:05 [INFO ] HomePage – Scrolled to Food, Agriculture & Farming section.
2026-04-21 11:32:11 [DEBUG] HomePage – No popup found – continuing.
2026-04-21 11:32:11 [INFO ] HomePage – Found 9 products in Food, Agriculture & Farming.
2026-04-21 11:32:12 [INFO ] DriverManager – Browser closed and driver removed.
2026-04-21 11:32:12 [INFO ] Hooks – FINISHED: Get product names from Food Agriculture and Farming section [PASSED]
2026-04-21 11:32:12 [INFO ] Hooks – ----------------------------------------------
2026-04-21 11:32:12 [INFO ] Hooks – ----------------------------------------------
2026-04-21 11:32:12 [INFO ] Hooks – STARTING: Sign in attempt with invalid phone number
2026-04-21 11:32:12 [INFO ] Hooks – ----------------------------------------------
2026-04-21 11:32:12 [INFO ] DriverManager – Initializing browser: chrome
2026-04-21 11:32:15 [INFO ] DriverManager – ChromeDriver started.
2026-04-21 11:32:16 [INFO ] IndiaMartSteps – Opened IndiaMart: https://www.indiamart.com/
2026-04-21 11:32:16 [INFO ] HomePage – Clicking Sign In button.
2026-04-21 11:32:18 [INFO ] LoginModal – Entered phone number: 5476543218
2026-04-21 11:32:18 [INFO ] LoginModal – Phone number submitted.
2026-04-21 11:32:18 [INFO ] LoginModal – Error message displayed: Mobile Number should start with 6,7,8 or 9
2026-04-21 11:32:18 [INFO ] ScreenshotUtil – Screenshot saved → .\Screenshots\invalid_number_error.png
2026-04-21 11:32:19 [INFO ] LoginModal – Sign-in modal closed.
2026-04-21 11:32:20 [INFO ] DriverManager – Browser closed and driver removed.
2026-04-21 11:32:20 [INFO ] Hooks – FINISHED: Sign in attempt with invalid phone number [PASSED]
2026-04-21 11:32:20 [INFO ] Hooks – ----------------------------------------------
2026-04-21 11:32:20 [INFO ] Hooks – ----------------------------------------------
2026-04-21 11:32:20 [INFO ] Hooks – STARTING: Capture top product categories from Exporters section
2026-04-21 11:32:20 [INFO ] Hooks – ----------------------------------------------
2026-04-21 11:32:20 [INFO ] DriverManager – Initializing browser: chrome
2026-04-21 11:32:22 [INFO ] DriverManager – ChromeDriver started.
2026-04-21 11:32:24 [INFO ] IndiaMartSteps – Opened IndiaMart: https://www.indiamart.com/
2026-04-21 11:32:24 [INFO ] HomePage – Clicking Exporters tab.
2026-04-21 11:32:28 [INFO ] ExportersPage – Exporters page loaded.
2026-04-21 11:32:28 [INFO ] ExportersPage – Extracted 5 top product categories.
2026-04-21 11:32:28 [INFO ] ExportersPage – Scrolled to top categories section.
2026-04-21 11:32:28 [INFO ] ScreenshotUtil – Screenshot saved → .\Screenshots\top_product_categories_india.png
2026-04-21 11:32:29 [INFO ] DriverManager – Browser closed and driver removed.
2026-04-21 11:32:29 [INFO ] Hooks – FINISHED: Capture top product categories from Exporters section [PASSED]
2026-04-21 11:32:29 [INFO ] Hooks – ----------------------------------------------
2026-04-21 11:32:30 [INFO ] AllureReportOpener – Opening Allure report from directory: allure-results
2026-04-21 11:32:30 [INFO ] AllureReportOpener – Allure report server started successfully
2026-04-21 11:36:17 [INFO ] AllureReportCleaner – Cleaning existing Allure results directory
2026-04-21 11:36:17 [INFO ] AllureReportCleaner – Allure results directory cleaned
2026-04-21 11:36:17 [INFO ] Hooks – ----------------------------------------------
2026-04-21 11:36:17 [INFO ] Hooks – STARTING: Display top 3 car wash services from Chennai
2026-04-21 11:36:17 [INFO ] Hooks – ----------------------------------------------
2026-04-21 11:36:17 [INFO ] DriverManager – Initializing browser: chrome
2026-04-21 11:36:21 [INFO ] DriverManager – ChromeDriver started.
2026-04-21 11:36:23 [INFO ] IndiaMartSteps – Opened IndiaMart: https://www.indiamart.com/
2026-04-21 11:36:23 [INFO ] HomePage – Current city: 'Chennai', Target city: 'Chennai'
2026-04-21 11:36:23 [INFO ] HomePage – City already set to Chennai. Skipping city selection.
2026-04-21 11:36:23 [INFO ] HomePage – Searching for: car wash services
2026-04-21 11:36:26 [INFO ] SearchResultsPage – Search results loaded.
2026-04-21 11:36:26 [DEBUG] SearchResultsPage – Top 3 names: [Doorstep Car Wash Service, Car Washing Services At Home, Car Washing Service]
2026-04-21 11:36:28 [INFO ] ServiceDetailPage – Phone extracted: 07942548952
2026-04-21 11:36:29 [INFO ] ServiceDetailPage – Phone extracted: 07942666907
2026-04-21 11:36:29 [INFO ] ServiceDetailPage – Phone extracted: 08047812127
2026-04-21 11:36:29 [INFO ] IndiaMartSteps – TC01: Collected 3 services.
2026-04-21 11:36:30 [DEBUG] ZipPackage – Save core properties part
2026-04-21 11:36:30 [DEBUG] ZipPackage – Save content types part
2026-04-21 11:36:31 [DEBUG] ZipPackage – Save package relationships
2026-04-21 11:36:31 [DEBUG] ZipPackage – Save part 'docProps/app.xml'
2026-04-21 11:36:31 [DEBUG] ZipPackage – Save part 'docProps/core.xml'
2026-04-21 11:36:31 [DEBUG] ZipPackage – Save part 'xl/sharedStrings.xml'
2026-04-21 11:36:31 [DEBUG] ZipPackage – Save part 'xl/styles.xml'
2026-04-21 11:36:31 [DEBUG] ZipPackage – Save part 'xl/workbook.xml'
2026-04-21 11:36:31 [DEBUG] ZipPackage – Save part 'xl/worksheets/sheet1.xml'
2026-04-21 11:36:31 [INFO ] ExcelWriter – Excel report saved → ./Reports/CarWashServices.xlsx
2026-04-21 11:36:31 [DEBUG] ZipPackage – Save content types part
2026-04-21 11:36:31 [DEBUG] ZipPackage – Save package relationships
2026-04-21 11:36:31 [DEBUG] ZipPackage – Save part 'docProps/app.xml'
2026-04-21 11:36:31 [DEBUG] ZipPackage – Save part 'docProps/core.xml'
2026-04-21 11:36:31 [DEBUG] ZipPackage – Save part 'xl/sharedStrings.xml'
2026-04-21 11:36:31 [DEBUG] ZipPackage – Save part 'xl/styles.xml'
2026-04-21 11:36:31 [DEBUG] ZipPackage – Save part 'xl/workbook.xml'
2026-04-21 11:36:31 [DEBUG] ZipPackage – Save part 'xl/worksheets/sheet1.xml'
2026-04-21 11:36:31 [INFO ] IndiaMartSteps – TC01: Car wash data saved to Excel.
2026-04-21 11:36:32 [INFO ] DriverManager – Browser closed and driver removed.
2026-04-21 11:36:32 [INFO ] Hooks – FINISHED: Display top 3 car wash services from Chennai [PASSED]
2026-04-21 11:36:32 [INFO ] Hooks – ----------------------------------------------
2026-04-21 11:36:32 [INFO ] Hooks – ----------------------------------------------
2026-04-21 11:36:32 [INFO ] Hooks – STARTING: Get product names from Food Agriculture and Farming section
2026-04-21 11:36:32 [INFO ] Hooks – ----------------------------------------------
2026-04-21 11:36:32 [INFO ] DriverManager – Initializing browser: chrome
2026-04-21 11:36:35 [INFO ] DriverManager – ChromeDriver started.
2026-04-21 11:36:37 [INFO ] IndiaMartSteps – Opened IndiaMart: https://www.indiamart.com/
2026-04-21 11:36:37 [INFO ] HomePage – Scrolled to Food, Agriculture & Farming section.
2026-04-21 11:36:42 [DEBUG] HomePage – No popup found – continuing.
2026-04-21 11:36:42 [INFO ] HomePage – Found 9 products in Food, Agriculture & Farming.
2026-04-21 11:36:43 [INFO ] DriverManager – Browser closed and driver removed.
2026-04-21 11:36:43 [INFO ] Hooks – FINISHED: Get product names from Food Agriculture and Farming section [PASSED]
2026-04-21 11:36:43 [INFO ] Hooks – ----------------------------------------------
2026-04-21 11:36:43 [INFO ] Hooks – ----------------------------------------------
2026-04-21 11:36:43 [INFO ] Hooks – STARTING: Sign in attempt with invalid phone number
2026-04-21 11:36:43 [INFO ] Hooks – ----------------------------------------------
2026-04-21 11:36:43 [INFO ] DriverManager – Initializing browser: chrome
2026-04-21 11:36:46 [INFO ] DriverManager – ChromeDriver started.
2026-04-21 11:36:48 [INFO ] IndiaMartSteps – Opened IndiaMart: https://www.indiamart.com/
2026-04-21 11:36:48 [INFO ] HomePage – Clicking Sign In button.
2026-04-21 11:36:49 [INFO ] LoginModal – Entered phone number: 5476543218
2026-04-21 11:36:49 [INFO ] LoginModal – Phone number submitted.
2026-04-21 11:36:49 [INFO ] LoginModal – Error message displayed: Mobile Number should start with 6,7,8 or 9
2026-04-21 11:36:50 [INFO ] ScreenshotUtil – Screenshot saved → .\Screenshots\invalid_number_error.png
2026-04-21 11:36:50 [INFO ] LoginModal – Sign-in modal closed.
2026-04-21 11:36:51 [INFO ] DriverManager – Browser closed and driver removed.
2026-04-21 11:36:51 [INFO ] Hooks – FINISHED: Sign in attempt with invalid phone number [PASSED]
2026-04-21 11:36:51 [INFO ] Hooks – ----------------------------------------------
2026-04-21 11:36:51 [INFO ] Hooks – ----------------------------------------------
2026-04-21 11:36:51 [INFO ] Hooks – STARTING: Capture top product categories from Exporters section
2026-04-21 11:36:51 [INFO ] Hooks – ----------------------------------------------
2026-04-21 11:36:51 [INFO ] DriverManager – Initializing browser: chrome
2026-04-21 11:36:54 [INFO ] DriverManager – ChromeDriver started.
2026-04-21 11:36:55 [INFO ] IndiaMartSteps – Opened IndiaMart: https://www.indiamart.com/
2026-04-21 11:36:55 [INFO ] HomePage – Clicking Exporters tab.
2026-04-21 11:36:58 [INFO ] ExportersPage – Exporters page loaded.
2026-04-21 11:36:58 [INFO ] ExportersPage – Extracted 5 top product categories.
2026-04-21 11:36:58 [INFO ] ExportersPage – Scrolled to top categories section.
2026-04-21 11:36:59 [INFO ] ScreenshotUtil – Screenshot saved → .\Screenshots\top_product_categories_india.png
2026-04-21 11:37:00 [INFO ] DriverManager – Browser closed and driver removed.
2026-04-21 11:37:00 [INFO ] Hooks – FINISHED: Capture top product categories from Exporters section [PASSED]
2026-04-21 11:37:00 [INFO ] Hooks – ----------------------------------------------
